<?xml version="1.0" encoding="UTF-8"?>
<testng-results ignored="1" total="2" passed="1" failed="0" skipped="0">
  <reporter-output>
  </reporter-output>
  <suite started-at="2022-03-21T14:47:27 IST" name="Default suite" finished-at="2022-03-21T14:47:33 IST" duration-ms="5507">
    <groups>
    </groups>
    <test started-at="2022-03-21T14:47:27 IST" name="Default test" finished-at="2022-03-21T14:47:33 IST" duration-ms="5507">
      <class name="Tests.TestCases">
        <test-method is-config="true" signature="beforeTest()[pri:0, instance:Tests.TestCases@4e7912d8]" started-at="2022-03-21T14:47:27 IST" name="beforeTest" finished-at="2022-03-21T14:47:32 IST" duration-ms="5386" status="PASS">
          <reporter-output>
          </reporter-output>
        </test-method> <!-- beforeTest -->
        <test-method signature="preTest()[pri:0, instance:Tests.TestCases@4e7912d8]" started-at="2022-03-21T14:47:32 IST" name="preTest" finished-at="2022-03-21T14:47:32 IST" duration-ms="91" status="PASS">
          <reporter-output>
          </reporter-output>
        </test-method> <!-- preTest -->
      </class> <!-- Tests.TestCases -->
    </test> <!-- Default test -->
  </suite> <!-- Default suite -->
</testng-results>
