<?xml version="1.0" encoding="UTF-8"?>
<testng-results ignored="0" total="1" passed="1" failed="0" skipped="0">
  <reporter-output>
  </reporter-output>
  <suite started-at="2022-03-17T02:39:24 IST" name="Default suite" finished-at="2022-03-17T02:39:36 IST" duration-ms="12069">
    <groups>
    </groups>
    <test started-at="2022-03-17T02:39:24 IST" name="Default test" finished-at="2022-03-17T02:39:36 IST" duration-ms="12069">
      <class name="Tests.TestCases">
        <test-method signature="searchTest()[pri:0, instance:Tests.TestCases@2cdd0d4b]" started-at="2022-03-17T02:39:24 IST" name="searchTest" finished-at="2022-03-17T02:39:36 IST" duration-ms="12049" status="PASS">
          <reporter-output>
          </reporter-output>
        </test-method> <!-- searchTest -->
      </class> <!-- Tests.TestCases -->
    </test> <!-- Default test -->
  </suite> <!-- Default suite -->
</testng-results>
